Initializing windows...
input disabled
[2024-08-25 18:38:16] Map data sent
Updating game state for new turn
map_update_received
input enabled
No actions available!
No actions available!
input disabled
[2024-08-25 18:38:26] Map data sent
Updating game state for new turn
map_update_received
input enabled
input disabled
[2024-08-25 18:38:36] Map data sent
Updating game state for new turn
map_update_received
input enabled
input disabled
[2024-08-25 18:38:46] Map data sent
Updating game state for new turn
map_update_received
input enabled
input disabled
[2024-08-25 18:38:56] Map data sent
Updating game state for new turn
map_update_received
input enabled
input disabled
[2024-08-25 18:39:06] Map data sent
Updating game state for new turn
map_update_received
input enabled
input disabled
[2024-08-25 18:39:16] Map data sent
Updating game state for new turn
map_update_received
input enabled
input disabled
[2024-08-25 18:39:26] Map data sent
Updating game state for new turn
map_update_received
input enabled
input disabled
[2024-08-25 18:39:36] Map data sent
Updating game state for new turn
map_update_received
input enabled
input disabled
[2024-08-25 18:39:46] Map data sent
Updating game state for new turn
map_update_received
input enabled
input disabled
[2024-08-25 18:39:56] Map data sent
Updating game state for new turn
map_update_received
input enabled
input disabled
[2024-08-25 18:40:06] Map data sent
Updating game state for new turn
map_update_received
input enabled
input disabled
[2024-08-25 18:40:16] Map data sent
Updating game state for new turn
map_update_received
input enabled
input disabled
[2024-08-25 18:40:26] Map data sent
Updating game state for new turn
map_update_received
input enabled
input disabled
[2024-08-25 18:40:36] Map data sent
Updating game state for new turn
map_update_received
input enabled
input disabled
[2024-08-25 18:40:46] Map data sent
Updating game state for new turn
map_update_received
input enabled
input disabled
[2024-08-25 18:40:56] Map data sent
Updating game state for new turn
map_update_received
input enabled
input disabled
[2024-08-25 18:41:06] Map data sent
Updating game state for new turn
map_update_received
input enabled
input disabled
[2024-08-25 18:41:16] Map data sent
Updating game state for new turn
map_update_received
input enabled
input disabled
[2024-08-25 18:41:26] Map data sent
Updating game state for new turn
map_update_received
input enabled
input disabled
[2024-08-25 18:41:36] Map data sent
Updating game state for new turn
map_update_received
input enabled
input disabled
[2024-08-25 18:41:46] Map data sent
Updating game state for new turn
map_update_received
input enabled
input disabled
[2024-08-25 18:41:56] Map data sent
Updating game state for new turn
map_update_received
input enabled
input disabled
[2024-08-25 18:42:06] Map data sent
Updating game state for new turn
map_update_received
input enabled
input disabled
[2024-08-25 18:42:16] Map data sent
Updating game state for new turn
map_update_received
input enabled
input disabled
[2024-08-25 18:42:26] Map data sent
Updating game state for new turn
map_update_received
input enabled
input disabled
[2024-08-25 18:42:36] Map data sent
Updating game state for new turn
map_update_received
input enabled
input disabled
[2024-08-25 18:42:46] Map data sent
Updating game state for new turn
map_update_received
input enabled
input disabled
[2024-08-25 18:42:56] Map data sent
Updating game state for new turn
map_update_received
input enabled
input disabled
[2024-08-25 18:43:06] Map data sent
Updating game state for new turn
map_update_received
input enabled
input disabled
[2024-08-25 18:43:16] Map data sent
Updating game state for new turn
map_update_received
input enabled
input disabled
[2024-08-25 18:43:26] Map data sent
Updating game state for new turn
map_update_received
input enabled
input disabled
[2024-08-25 18:43:36] Map data sent
Updating game state for new turn
map_update_received
input enabled
input disabled
[2024-08-25 18:43:46] Map data sent
Updating game state for new turn
map_update_received
input enabled
input disabled
[2024-08-25 18:43:56] Map data sent
Updating game state for new turn
map_update_received
input enabled
input disabled
[2024-08-25 18:44:06] Map data sent
Updating game state for new turn
map_update_received
input enabled
input disabled
[2024-08-25 18:44:16] Map data sent
Updating game state for new turn
map_update_received
input enabled
input disabled
[2024-08-25 18:44:26] Map data sent
Updating game state for new turn
map_update_received
input enabled
input disabled
[2024-08-25 18:44:36] Map data sent
Updating game state for new turn
map_update_received
input enabled
input disabled
[2024-08-25 18:44:46] Map data sent
Updating game state for new turn
map_update_received
input enabled
input disabled
[2024-08-25 18:44:56] Map data sent
Updating game state for new turn
map_update_received
input enabled
input disabled
[2024-08-25 18:45:06] Map data sent
Updating game state for new turn
map_update_received
input enabled
input disabled
[2024-08-25 18:45:16] Map data sent
Updating game state for new turn
map_update_received
input enabled
input disabled
[2024-08-25 18:45:26] Map data sent
Updating game state for new turn
map_update_received
input enabled
input disabled
[2024-08-25 18:45:36] Map data sent
Updating game state for new turn
map_update_received
input enabled
input disabled
[2024-08-25 18:45:46] Map data sent
Updating game state for new turn
map_update_received
input enabled
input disabled
[2024-08-25 18:45:56] Map data sent
Updating game state for new turn
map_update_received
input enabled
input disabled
[2024-08-25 18:46:06] Map data sent
Updating game state for new turn
map_update_received
input enabled
input disabled
[2024-08-25 18:46:16] Map data sent
Updating game state for new turn
map_update_received
input enabled
input disabled
[2024-08-25 18:46:26] Map data sent
Updating game state for new turn
map_update_received
input enabled
input disabled
[2024-08-25 18:46:36] Map data sent
Updating game state for new turn
map_update_received
input enabled
input disabled
[2024-08-25 18:46:46] Map data sent
Updating game state for new turn
map_update_received
input enabled
input disabled
[2024-08-25 18:46:56] Map data sent
Updating game state for new turn
map_update_received
input enabled
input disabled
[2024-08-25 18:47:06] Map data sent
Updating game state for new turn
map_update_received
input enabled
input disabled
[2024-08-25 18:47:16] Map data sent
Updating game state for new turn
map_update_received
input enabled
input disabled
[2024-08-25 18:47:26] Map data sent
Updating game state for new turn
map_update_received
input enabled
input disabled
[2024-08-25 18:47:36] Map data sent
Updating game state for new turn
map_update_received
input enabled
input disabled
[2024-08-25 18:47:46] Map data sent
Updating game state for new turn
map_update_received
input enabled
input disabled
[2024-08-25 18:47:56] Map data sent
Updating game state for new turn
map_update_received
input enabled
input disabled
[2024-08-25 18:48:06] Map data sent
Updating game state for new turn
map_update_received
input enabled
input disabled
[2024-08-25 18:48:16] Map data sent
Updating game state for new turn
map_update_received
input enabled
input disabled
[2024-08-25 18:48:26] Map data sent
Updating game state for new turn
map_update_received
input enabled
input disabled
[2024-08-25 18:48:36] Map data sent
Updating game state for new turn
map_update_received
input enabled
input disabled
[2024-08-25 18:48:46] Map data sent
Updating game state for new turn
map_update_received
input enabled
input disabled
[2024-08-25 18:48:56] Map data sent
Updating game state for new turn
map_update_received
input enabled
input disabled
[2024-08-25 18:49:06] Map data sent
Updating game state for new turn
map_update_received
input enabled
input disabled
[2024-08-25 18:49:16] Map data sent
Updating game state for new turn
map_update_received
input enabled
input disabled
[2024-08-25 18:49:26] Map data sent
Updating game state for new turn
map_update_received
input enabled
input disabled
[2024-08-25 18:49:36] Map data sent
Updating game state for new turn
map_update_received
input enabled
input disabled
[2024-08-25 18:49:46] Map data sent
Updating game state for new turn
map_update_received
input enabled
input disabled
[2024-08-25 18:49:56] Map data sent
Updating game state for new turn
map_update_received
input enabled
input disabled
[2024-08-25 18:50:06] Map data sent
Updating game state for new turn
map_update_received
input enabled
input disabled
[2024-08-25 18:50:16] Map data sent
Updating game state for new turn
map_update_received
input enabled
input disabled
[2024-08-25 18:50:27] Map data sent
Updating game state for new turn
map_update_received
input enabled
input disabled
[2024-08-25 18:50:37] Map data sent
Updating game state for new turn
map_update_received
input enabled
input disabled
[2024-08-25 18:50:47] Map data sent
Updating game state for new turn
map_update_received
input enabled
input disabled
[2024-08-25 18:50:57] Map data sent
Updating game state for new turn
map_update_received
input enabled
input disabled
[2024-08-25 18:51:07] Map data sent
Updating game state for new turn
map_update_received
input enabled
input disabled
[2024-08-25 18:51:17] Map data sent
Updating game state for new turn
map_update_received
input enabled
input disabled
[2024-08-25 18:51:27] Map data sent
Updating game state for new turn
map_update_received
input enabled
input disabled
[2024-08-25 18:51:37] Map data sent
Updating game state for new turn
map_update_received
input enabled
input disabled
[2024-08-25 18:51:47] Map data sent
Updating game state for new turn
map_update_received
input enabled
input disabled
[2024-08-25 18:51:57] Map data sent
Updating game state for new turn
map_update_received
input enabled
input disabled
[2024-08-25 18:52:07] Map data sent
Updating game state for new turn
map_update_received
input enabled
input disabled
[2024-08-25 18:52:17] Map data sent
Updating game state for new turn
map_update_received
input enabled
input disabled
[2024-08-25 18:52:27] Map data sent
Updating game state for new turn
map_update_received
input enabled
input disabled
[2024-08-25 18:52:37] Map data sent
Updating game state for new turn
map_update_received
input enabled
input disabled
[2024-08-25 18:52:47] Map data sent
Updating game state for new turn
map_update_received
input enabled
input disabled
[2024-08-25 18:52:57] Map data sent
Updating game state for new turn
map_update_received
input enabled
input disabled
[2024-08-25 18:53:07] Map data sent
Updating game state for new turn
map_update_received
input enabled
input disabled
[2024-08-25 18:53:17] Map data sent
Updating game state for new turn
map_update_received
input enabled
input disabled
[2024-08-25 18:53:27] Map data sent
Updating game state for new turn
map_update_received
input enabled
input disabled
[2024-08-25 18:53:37] Map data sent
Updating game state for new turn
map_update_received
input enabled
input disabled
[2024-08-25 18:53:47] Map data sent
Updating game state for new turn
map_update_received
input enabled
input disabled
[2024-08-25 18:53:57] Map data sent
Updating game state for new turn
map_update_received
input enabled
input disabled
[2024-08-25 18:54:07] Map data sent
Updating game state for new turn
map_update_received
input enabled
input disabled
[2024-08-25 18:54:17] Map data sent
Updating game state for new turn
map_update_received
input enabled
input disabled
[2024-08-25 18:54:27] Map data sent
Updating game state for new turn
map_update_received
input enabled
input disabled
[2024-08-25 18:54:37] Map data sent
Updating game state for new turn
map_update_received
input enabled
input disabled
[2024-08-25 18:54:47] Map data sent
Updating game state for new turn
map_update_received
input enabled
input disabled
[2024-08-25 18:54:57] Map data sent
Updating game state for new turn
map_update_received
input enabled
input disabled
[2024-08-25 18:55:07] Map data sent
Updating game state for new turn
map_update_received
input enabled
input disabled
[2024-08-25 18:55:17] Map data sent
Updating game state for new turn
map_update_received
input enabled
input disabled
[2024-08-25 18:55:27] Map data sent
Updating game state for new turn
map_update_received
input enabled
input disabled
[2024-08-25 18:55:37] Map data sent
Updating game state for new turn
map_update_received
input enabled
input disabled
[2024-08-25 18:55:47] Map data sent
Updating game state for new turn
map_update_received
input enabled
input disabled
[2024-08-25 18:55:57] Map data sent
Updating game state for new turn
map_update_received
input enabled
input disabled
[2024-08-25 18:56:07] Map data sent
Updating game state for new turn
map_update_received
input enabled
input disabled
[2024-08-25 18:56:17] Map data sent
Updating game state for new turn
map_update_received
input enabled
input disabled
[2024-08-25 18:56:27] Map data sent
Updating game state for new turn
map_update_received
input enabled
input disabled
[2024-08-25 18:56:37] Map data sent
Updating game state for new turn
map_update_received
input enabled
input disabled
[2024-08-25 18:56:47] Map data sent
Updating game state for new turn
map_update_received
input enabled
input disabled
[2024-08-25 18:56:57] Map data sent
Updating game state for new turn
map_update_received
input enabled
input disabled
[2024-08-25 18:57:07] Map data sent
Updating game state for new turn
map_update_received
input enabled
input disabled
[2024-08-25 18:57:17] Map data sent
Updating game state for new turn
map_update_received
input enabled
input disabled
[2024-08-25 18:57:27] Map data sent
Updating game state for new turn
map_update_received
input enabled
input disabled
[2024-08-25 18:57:37] Map data sent
Updating game state for new turn
map_update_received
input enabled
input disabled
[2024-08-25 18:57:47] Map data sent
Updating game state for new turn
map_update_received
input enabled
input disabled
[2024-08-25 18:57:57] Map data sent
Updating game state for new turn
map_update_received
input enabled
input disabled
[2024-08-25 18:58:07] Map data sent
Updating game state for new turn
map_update_received
input enabled
input disabled
[2024-08-25 18:58:17] Map data sent
Updating game state for new turn
map_update_received
input enabled
input disabled
[2024-08-25 18:58:27] Map data sent
Updating game state for new turn
map_update_received
input enabled
input disabled
[2024-08-25 18:58:37] Map data sent
Updating game state for new turn
map_update_received
input enabled
input disabled
[2024-08-25 18:58:47] Map data sent
Updating game state for new turn
map_update_received
input enabled
input disabled
[2024-08-25 18:58:57] Map data sent
Updating game state for new turn
map_update_received
input enabled
input disabled
[2024-08-25 18:59:07] Map data sent
Updating game state for new turn
map_update_received
input enabled
input disabled
[2024-08-25 18:59:17] Map data sent
Updating game state for new turn
map_update_received
input enabled
input disabled
[2024-08-25 18:59:27] Map data sent
Updating game state for new turn
map_update_received
input enabled
input disabled
[2024-08-25 18:59:37] Map data sent
Updating game state for new turn
map_update_received
input enabled
input disabled
[2024-08-25 18:59:47] Map data sent
Updating game state for new turn
map_update_received
input enabled
input disabled
[2024-08-25 18:59:57] Map data sent
Updating game state for new turn
map_update_received
input enabled
input disabled
[2024-08-25 19:00:07] Map data sent
Updating game state for new turn
map_update_received
input enabled
input disabled
[2024-08-25 19:00:17] Map data sent
Updating game state for new turn
map_update_received
input enabled
input disabled
[2024-08-25 19:00:27] Map data sent
Updating game state for new turn
map_update_received
input enabled
input disabled
[2024-08-25 19:00:37] Map data sent
Updating game state for new turn
map_update_received
input enabled
input disabled
[2024-08-25 19:00:47] Map data sent
Updating game state for new turn
map_update_received
input enabled
input disabled
[2024-08-25 19:00:57] Map data sent
Updating game state for new turn
map_update_received
input enabled
input disabled
[2024-08-25 19:01:07] Map data sent
Updating game state for new turn
map_update_received
input enabled
input disabled
[2024-08-25 19:01:17] Map data sent
Updating game state for new turn
map_update_received
input enabled
input disabled
[2024-08-25 19:01:27] Map data sent
Updating game state for new turn
map_update_received
input enabled
input disabled
[2024-08-25 19:01:37] Map data sent
Updating game state for new turn
map_update_received
input enabled
input disabled
[2024-08-25 19:01:47] Map data sent
Updating game state for new turn
map_update_received
input enabled
input disabled
[2024-08-25 19:01:57] Map data sent
Updating game state for new turn
map_update_received
input enabled
input disabled
[2024-08-25 19:02:07] Map data sent
Updating game state for new turn
map_update_received
input enabled
input disabled
[2024-08-25 19:02:17] Map data sent
Updating game state for new turn
map_update_received
input enabled
input disabled
[2024-08-25 19:02:27] Map data sent
Updating game state for new turn
map_update_received
input enabled
input disabled
[2024-08-25 19:02:37] Map data sent
Updating game state for new turn
map_update_received
input enabled
input disabled
[2024-08-25 19:02:47] Map data sent
Updating game state for new turn
map_update_received
input enabled
input disabled
[2024-08-25 19:02:57] Map data sent
Updating game state for new turn
map_update_received
input enabled
input disabled
[2024-08-25 19:03:07] Map data sent
Updating game state for new turn
map_update_received
input enabled
input disabled
[2024-08-25 19:03:17] Map data sent
Updating game state for new turn
map_update_received
input enabled
input disabled
[2024-08-25 19:03:27] Map data sent
Updating game state for new turn
map_update_received
input enabled
input disabled
[2024-08-25 19:03:37] Map data sent
Updating game state for new turn
map_update_received
input enabled
input disabled
[2024-08-25 19:03:47] Map data sent
Updating game state for new turn
map_update_received
input enabled
input disabled
[2024-08-25 19:03:57] Map data sent
Updating game state for new turn
map_update_received
input enabled
input disabled
[2024-08-25 19:04:07] Map data sent
Updating game state for new turn
map_update_received
input enabled
input disabled
[2024-08-25 19:04:17] Map data sent
Updating game state for new turn
map_update_received
input enabled
input disabled
[2024-08-25 19:04:27] Map data sent
Updating game state for new turn
map_update_received
input enabled
input disabled
[2024-08-25 19:04:37] Map data sent
Updating game state for new turn
map_update_received
input enabled
input disabled
[2024-08-25 19:04:47] Map data sent
Updating game state for new turn
map_update_received
input enabled
input disabled
[2024-08-25 19:04:57] Map data sent
Updating game state for new turn
map_update_received
input enabled
input disabled
[2024-08-25 19:05:07] Map data sent
Updating game state for new turn
map_update_received
input enabled
input disabled
[2024-08-25 19:05:17] Map data sent
Updating game state for new turn
map_update_received
input enabled
input disabled
[2024-08-25 19:05:27] Map data sent
Updating game state for new turn
map_update_received
input enabled
input disabled
[2024-08-25 19:05:37] Map data sent
Updating game state for new turn
map_update_received
input enabled
input disabled
[2024-08-25 19:05:47] Map data sent
Updating game state for new turn
map_update_received
input enabled
input disabled
[2024-08-25 19:05:57] Map data sent
Updating game state for new turn
map_update_received
input enabled
input disabled
[2024-08-25 19:06:07] Map data sent
Updating game state for new turn
map_update_received
input enabled
input disabled
[2024-08-25 19:06:17] Map data sent
Updating game state for new turn
map_update_received
input enabled
input disabled
[2024-08-25 19:06:27] Map data sent
Updating game state for new turn
map_update_received
input enabled
input disabled
[2024-08-25 19:06:37] Map data sent
Updating game state for new turn
map_update_received
input enabled
input disabled
[2024-08-25 19:06:47] Map data sent
Updating game state for new turn
map_update_received
input enabled
input disabled
[2024-08-25 19:06:57] Map data sent
Updating game state for new turn
map_update_received
input enabled
input disabled
[2024-08-25 19:07:07] Map data sent
Updating game state for new turn
map_update_received
input enabled
input disabled
[2024-08-25 19:07:17] Map data sent
Updating game state for new turn
map_update_received
input enabled
input disabled
[2024-08-25 19:07:27] Map data sent
Updating game state for new turn
map_update_received
input enabled
input disabled
[2024-08-25 19:07:37] Map data sent
Updating game state for new turn
map_update_received
input enabled
input disabled
[2024-08-25 19:07:47] Map data sent
Updating game state for new turn
map_update_received
input enabled
input disabled
[2024-08-25 19:07:57] Map data sent
Updating game state for new turn
map_update_received
input enabled
input disabled
[2024-08-25 19:08:07] Map data sent
Updating game state for new turn
map_update_received
input enabled
input disabled
[2024-08-25 19:08:17] Map data sent
Updating game state for new turn
map_update_received
input enabled
input disabled
[2024-08-25 19:08:27] Map data sent
Updating game state for new turn
map_update_received
input enabled
input disabled
[2024-08-25 19:08:37] Map data sent
Updating game state for new turn
map_update_received
input enabled
input disabled
[2024-08-25 19:08:47] Map data sent
Updating game state for new turn
map_update_received
input enabled
input disabled
[2024-08-25 19:08:57] Map data sent
Updating game state for new turn
map_update_received
input enabled
input disabled
[2024-08-25 19:09:07] Map data sent
Updating game state for new turn
map_update_received
input enabled
input disabled
[2024-08-25 19:09:17] Map data sent
Updating game state for new turn
map_update_received
input enabled
input disabled
[2024-08-25 19:09:27] Map data sent
Updating game state for new turn
map_update_received
input enabled
input disabled
[2024-08-25 19:09:37] Map data sent
Updating game state for new turn
map_update_received
input enabled
input disabled
[2024-08-25 19:09:47] Map data sent
Updating game state for new turn
map_update_received
input enabled
input disabled
[2024-08-25 19:09:57] Map data sent
Updating game state for new turn
map_update_received
input enabled
input disabled
[2024-08-25 19:10:07] Map data sent
Updating game state for new turn
map_update_received
input enabled
input disabled
[2024-08-25 19:10:17] Map data sent
Updating game state for new turn
map_update_received
input enabled
input disabled
[2024-08-25 19:10:27] Map data sent
Updating game state for new turn
map_update_received
input enabled
input disabled
[2024-08-25 19:10:37] Map data sent
Updating game state for new turn
map_update_received
input enabled
input disabled
[2024-08-25 19:10:47] Map data sent
Updating game state for new turn
map_update_received
input enabled
input disabled
[2024-08-25 19:10:57] Map data sent
Updating game state for new turn
map_update_received
input enabled
input disabled
[2024-08-25 19:11:07] Map data sent
Updating game state for new turn
map_update_received
input enabled
input disabled
[2024-08-25 19:11:17] Map data sent
Updating game state for new turn
map_update_received
input enabled
input disabled
[2024-08-25 19:11:27] Map data sent
Updating game state for new turn
map_update_received
input enabled
input disabled
[2024-08-25 19:11:37] Map data sent
Updating game state for new turn
map_update_received
input enabled
input disabled
[2024-08-25 19:11:47] Map data sent
Updating game state for new turn
map_update_received
input enabled
input disabled
[2024-08-25 19:11:57] Map data sent
Updating game state for new turn
map_update_received
input enabled
input disabled
[2024-08-25 19:12:07] Map data sent
Updating game state for new turn
map_update_received
input enabled
input disabled
[2024-08-25 19:12:17] Map data sent
Updating game state for new turn
map_update_received
input enabled
input disabled
[2024-08-25 19:12:27] Map data sent
Updating game state for new turn
map_update_received
input enabled
input disabled
[2024-08-25 19:12:37] Map data sent
Updating game state for new turn
map_update_received
input enabled
input disabled
[2024-08-25 19:12:47] Map data sent
Updating game state for new turn
map_update_received
input enabled
input disabled
[2024-08-25 19:12:57] Map data sent
Updating game state for new turn
map_update_received
input enabled
input disabled
[2024-08-25 19:13:07] Map data sent
Updating game state for new turn
map_update_received
input enabled
input disabled
[2024-08-25 19:13:17] Map data sent
Updating game state for new turn
map_update_received
input enabled
input disabled
[2024-08-25 19:13:27] Map data sent
Updating game state for new turn
map_update_received
input enabled
input disabled
[2024-08-25 19:13:37] Map data sent
Updating game state for new turn
map_update_received
input enabled
input disabled
[2024-08-25 19:13:47] Map data sent
Updating game state for new turn
map_update_received
input enabled
input disabled
[2024-08-25 19:13:57] Map data sent
Updating game state for new turn
map_update_received
input enabled
input disabled
[2024-08-25 19:14:07] Map data sent
Updating game state for new turn
map_update_received
input enabled
input disabled
[2024-08-25 19:14:17] Map data sent
Updating game state for new turn
map_update_received
input enabled
input disabled
[2024-08-25 19:14:27] Map data sent
Updating game state for new turn
map_update_received
input enabled
input disabled
[2024-08-25 19:14:37] Map data sent
Updating game state for new turn
map_update_received
input enabled
input disabled
[2024-08-25 19:14:47] Map data sent
Updating game state for new turn
map_update_received
input enabled
input disabled
[2024-08-25 19:14:57] Map data sent
Updating game state for new turn
map_update_received
input enabled
input disabled
[2024-08-25 19:15:07] Map data sent
Updating game state for new turn
map_update_received
input enabled
input disabled
[2024-08-25 19:15:17] Map data sent
Updating game state for new turn
map_update_received
input enabled
input disabled
[2024-08-25 19:15:27] Map data sent
Updating game state for new turn
map_update_received
input enabled
input disabled
[2024-08-25 19:15:37] Map data sent
Updating game state for new turn
map_update_received
input enabled
input disabled
[2024-08-25 19:15:47] Map data sent
Updating game state for new turn
map_update_received
input enabled
input disabled
[2024-08-25 19:15:57] Map data sent
Updating game state for new turn
map_update_received
input enabled
input disabled
[2024-08-25 19:16:07] Map data sent
Updating game state for new turn
map_update_received
input enabled
input disabled
[2024-08-25 19:16:17] Map data sent
Updating game state for new turn
map_update_received
input enabled
input disabled
[2024-08-25 19:16:27] Map data sent
Updating game state for new turn
map_update_received
input enabled
input disabled
[2024-08-25 19:16:37] Map data sent
Updating game state for new turn
map_update_received
input enabled
input disabled
[2024-08-25 19:16:47] Map data sent
Updating game state for new turn
map_update_received
input enabled
input disabled
[2024-08-25 19:16:57] Map data sent
Updating game state for new turn
map_update_received
input enabled
input disabled
[2024-08-25 19:17:07] Map data sent
Updating game state for new turn
map_update_received
input enabled
input disabled
[2024-08-25 19:17:17] Map data sent
Updating game state for new turn
map_update_received
input enabled
input disabled
[2024-08-25 19:17:27] Map data sent
Updating game state for new turn
map_update_received
input enabled
input disabled
[2024-08-25 19:17:37] Map data sent
Updating game state for new turn
map_update_received
input enabled
input disabled
[2024-08-25 19:17:47] Map data sent
Updating game state for new turn
map_update_received
input enabled
input disabled
[2024-08-25 19:17:57] Map data sent
Updating game state for new turn
map_update_received
input enabled
input disabled
[2024-08-25 19:18:07] Map data sent
Updating game state for new turn
map_update_received
input enabled
input disabled
[2024-08-25 19:18:17] Map data sent
Updating game state for new turn
map_update_received
input enabled
input disabled
[2024-08-25 19:18:27] Map data sent
Updating game state for new turn
map_update_received
input enabled
input disabled
[2024-08-25 19:18:37] Map data sent
Updating game state for new turn
map_update_received
input enabled
input disabled
[2024-08-25 19:18:47] Map data sent
Updating game state for new turn
map_update_received
input enabled
input disabled
[2024-08-25 19:18:57] Map data sent
Updating game state for new turn
map_update_received
input enabled
input disabled
[2024-08-25 19:19:07] Map data sent
Updating game state for new turn
map_update_received
input enabled
input disabled
[2024-08-25 19:19:17] Map data sent
Updating game state for new turn
map_update_received
input enabled
input disabled
[2024-08-25 19:19:27] Map data sent
Updating game state for new turn
map_update_received
input enabled
input disabled
[2024-08-25 19:19:37] Map data sent
Updating game state for new turn
map_update_received
input enabled
input disabled
[2024-08-25 19:19:47] Map data sent
Updating game state for new turn
map_update_received
input enabled
input disabled
[2024-08-25 19:19:57] Map data sent
Updating game state for new turn
map_update_received
input enabled
input disabled
[2024-08-25 19:20:07] Map data sent
Updating game state for new turn
map_update_received
input enabled
input disabled
[2024-08-25 19:20:17] Map data sent
Updating game state for new turn
map_update_received
input enabled
input disabled
[2024-08-25 19:20:27] Map data sent
Updating game state for new turn
map_update_received
input enabled
input disabled
[2024-08-25 19:20:37] Map data sent
Updating game state for new turn
map_update_received
input enabled
input disabled
[2024-08-25 19:20:47] Map data sent
Updating game state for new turn
map_update_received
input enabled
input disabled
[2024-08-25 19:20:57] Map data sent
Updating game state for new turn
map_update_received
input enabled
input disabled
[2024-08-25 19:21:07] Map data sent
Updating game state for new turn
map_update_received
input enabled
input disabled
[2024-08-25 19:21:17] Map data sent
Updating game state for new turn
map_update_received
input enabled
input disabled
[2024-08-25 19:21:27] Map data sent
Updating game state for new turn
map_update_received
input enabled
input disabled
[2024-08-25 19:21:37] Map data sent
Updating game state for new turn
map_update_received
input enabled
input disabled
[2024-08-25 19:21:47] Map data sent
Updating game state for new turn
map_update_received
input enabled
input disabled
[2024-08-25 19:21:57] Map data sent
Updating game state for new turn
map_update_received
input enabled
input disabled
[2024-08-25 19:22:07] Map data sent
Updating game state for new turn
map_update_received
input enabled
input disabled
[2024-08-25 19:22:17] Map data sent
Updating game state for new turn
map_update_received
input enabled
input disabled
[2024-08-25 19:22:27] Map data sent
Updating game state for new turn
map_update_received
input enabled
input disabled
[2024-08-25 19:22:37] Map data sent
Updating game state for new turn
map_update_received
input enabled
input disabled
[2024-08-25 19:22:47] Map data sent
Updating game state for new turn
map_update_received
input enabled
input disabled
[2024-08-25 19:22:58] Map data sent
Updating game state for new turn
map_update_received
input enabled
input disabled
[2024-08-25 19:23:08] Map data sent
Updating game state for new turn
map_update_received
input enabled
input disabled
[2024-08-25 19:23:18] Map data sent
Updating game state for new turn
map_update_received
input enabled
input disabled
[2024-08-25 19:23:28] Map data sent
Updating game state for new turn
map_update_received
input enabled
input disabled
[2024-08-25 19:23:38] Map data sent
Updating game state for new turn
map_update_received
input enabled
input disabled
[2024-08-25 19:23:48] Map data sent
Updating game state for new turn
map_update_received
input enabled
input disabled
[2024-08-25 19:23:58] Map data sent
Updating game state for new turn
map_update_received
input enabled
input disabled
[2024-08-25 19:24:08] Map data sent
Updating game state for new turn
map_update_received
input enabled
input disabled
[2024-08-25 19:24:18] Map data sent
Updating game state for new turn
map_update_received
input enabled
input disabled
[2024-08-25 19:24:28] Map data sent
Updating game state for new turn
map_update_received
input enabled
input disabled
[2024-08-25 19:24:38] Map data sent
Updating game state for new turn
map_update_received
input enabled
input disabled
[2024-08-25 19:24:48] Map data sent
Updating game state for new turn
map_update_received
input enabled
input disabled
[2024-08-25 19:24:58] Map data sent
Updating game state for new turn
map_update_received
input enabled
input disabled
[2024-08-25 19:25:08] Map data sent
Updating game state for new turn
map_update_received
input enabled
input disabled
[2024-08-25 19:25:18] Map data sent
Updating game state for new turn
map_update_received
input enabled
input disabled
[2024-08-25 19:25:28] Map data sent
Updating game state for new turn
map_update_received
input enabled
input disabled
[2024-08-25 19:25:38] Map data sent
Updating game state for new turn
map_update_received
input enabled
input disabled
[2024-08-25 19:25:48] Map data sent
Updating game state for new turn
map_update_received
input enabled
input disabled
[2024-08-25 19:25:58] Map data sent
Updating game state for new turn
map_update_received
input enabled
input disabled
[2024-08-25 19:26:08] Map data sent
Updating game state for new turn
map_update_received
input enabled
input disabled
[2024-08-25 19:26:18] Map data sent
Updating game state for new turn
map_update_received
input enabled
input disabled
[2024-08-25 19:26:28] Map data sent
Updating game state for new turn
map_update_received
input enabled
input disabled
[2024-08-25 19:26:38] Map data sent
Updating game state for new turn
map_update_received
input enabled
input disabled
[2024-08-25 19:26:48] Map data sent
Updating game state for new turn
map_update_received
input enabled
input disabled
[2024-08-25 19:26:58] Map data sent
Updating game state for new turn
map_update_received
input enabled
input disabled
[2024-08-25 19:27:08] Map data sent
Updating game state for new turn
map_update_received
input enabled
input disabled
[2024-08-25 19:27:18] Map data sent
Updating game state for new turn
map_update_received
input enabled
input disabled
[2024-08-25 19:27:28] Map data sent
Updating game state for new turn
map_update_received
input enabled
input disabled
[2024-08-25 19:27:38] Map data sent
Updating game state for new turn
map_update_received
input enabled
input disabled
[2024-08-25 19:27:48] Map data sent
Updating game state for new turn
map_update_received
input enabled
input disabled
[2024-08-25 19:27:58] Map data sent
Updating game state for new turn
map_update_received
input enabled
input disabled
[2024-08-25 19:28:08] Map data sent
Updating game state for new turn
map_update_received
input enabled
input disabled
[2024-08-25 19:28:18] Map data sent
Updating game state for new turn
map_update_received
input enabled
input disabled
[2024-08-25 19:28:28] Map data sent
Updating game state for new turn
map_update_received
input enabled
input disabled
[2024-08-25 19:28:38] Map data sent
Updating game state for new turn
map_update_received
input enabled
input disabled
[2024-08-25 19:28:48] Map data sent
Updating game state for new turn
map_update_received
input enabled
input disabled
[2024-08-25 19:28:58] Map data sent
Updating game state for new turn
map_update_received
input enabled
input disabled
[2024-08-25 19:29:08] Map data sent
Updating game state for new turn
map_update_received
input enabled
input disabled
[2024-08-25 19:29:18] Map data sent
Updating game state for new turn
map_update_received
input enabled
input disabled
[2024-08-25 19:29:28] Map data sent
Updating game state for new turn
map_update_received
input enabled
input disabled
[2024-08-25 19:29:38] Map data sent
Updating game state for new turn
map_update_received
input enabled
input disabled
[2024-08-25 19:29:48] Map data sent
Updating game state for new turn
map_update_received
input enabled
input disabled
[2024-08-25 19:29:58] Map data sent
Updating game state for new turn
map_update_received
input enabled
input disabled
[2024-08-25 19:30:08] Map data sent
Updating game state for new turn
map_update_received
input enabled
input disabled
[2024-08-25 19:30:18] Map data sent
Updating game state for new turn
map_update_received
input enabled
input disabled
[2024-08-25 19:30:28] Map data sent
Updating game state for new turn
map_update_received
input enabled
input disabled
[2024-08-25 19:30:38] Map data sent
Updating game state for new turn
map_update_received
input enabled
input disabled
[2024-08-25 19:30:48] Map data sent
Updating game state for new turn
map_update_received
input enabled
input disabled
[2024-08-25 19:30:58] Map data sent
Updating game state for new turn
map_update_received
input enabled
input disabled
[2024-08-25 19:31:08] Map data sent
Updating game state for new turn
map_update_received
input enabled
input disabled
[2024-08-25 19:31:18] Map data sent
Updating game state for new turn
map_update_received
input enabled
input disabled
[2024-08-25 19:31:28] Map data sent
Updating game state for new turn
map_update_received
input enabled
input disabled
[2024-08-25 19:31:38] Map data sent
Updating game state for new turn
map_update_received
input enabled
input disabled
[2024-08-25 19:31:48] Map data sent
Updating game state for new turn
map_update_received
input enabled
input disabled
[2024-08-25 19:31:58] Map data sent
Updating game state for new turn
map_update_received
input enabled
input disabled
[2024-08-25 19:32:08] Map data sent
Updating game state for new turn
map_update_received
input enabled
input disabled
[2024-08-25 19:32:18] Map data sent
Updating game state for new turn
map_update_received
input enabled
input disabled
[2024-08-25 19:32:28] Map data sent
Updating game state for new turn
map_update_received
input enabled
input disabled
[2024-08-25 19:32:38] Map data sent
Updating game state for new turn
map_update_received
input enabled
input disabled
[2024-08-25 19:32:48] Map data sent
Updating game state for new turn
map_update_received
input enabled
input disabled
[2024-08-25 19:32:58] Map data sent
Updating game state for new turn
map_update_received
input enabled
input disabled
[2024-08-25 19:33:08] Map data sent
Updating game state for new turn
map_update_received
input enabled
input disabled
[2024-08-25 19:33:18] Map data sent
Updating game state for new turn
map_update_received
input enabled
input disabled
[2024-08-25 19:33:28] Map data sent
Updating game state for new turn
map_update_received
input enabled
input disabled
[2024-08-25 19:33:38] Map data sent
Updating game state for new turn
map_update_received
input enabled
input disabled
[2024-08-25 19:33:48] Map data sent
Updating game state for new turn
map_update_received
input enabled
input disabled
[2024-08-25 19:33:58] Map data sent
Updating game state for new turn
map_update_received
input enabled
input disabled
[2024-08-25 19:34:08] Map data sent
Updating game state for new turn
map_update_received
input enabled
input disabled
[2024-08-25 19:34:18] Map data sent
Updating game state for new turn
map_update_received
input enabled
input disabled
[2024-08-25 19:34:28] Map data sent
Updating game state for new turn
map_update_received
input enabled
input disabled
[2024-08-25 19:34:38] Map data sent
Updating game state for new turn
map_update_received
input enabled
input disabled
[2024-08-25 19:34:48] Map data sent
Updating game state for new turn
map_update_received
input enabled
input disabled
[2024-08-25 19:34:58] Map data sent
Updating game state for new turn
map_update_received
input enabled
input disabled
[2024-08-25 19:35:08] Map data sent
Updating game state for new turn
map_update_received
input enabled
input disabled
[2024-08-25 19:35:18] Map data sent
Updating game state for new turn
map_update_received
input enabled
input disabled
[2024-08-25 19:35:28] Map data sent
Updating game state for new turn
map_update_received
input enabled
input disabled
[2024-08-25 19:35:38] Map data sent
Updating game state for new turn
map_update_received
input enabled
input disabled
[2024-08-25 19:35:48] Map data sent
Updating game state for new turn
map_update_received
input enabled
input disabled
[2024-08-25 19:35:58] Map data sent
Updating game state for new turn
map_update_received
input enabled
input disabled
[2024-08-25 19:36:08] Map data sent
Updating game state for new turn
map_update_received
input enabled
input disabled
[2024-08-25 19:36:18] Map data sent
Updating game state for new turn
map_update_received
input enabled
input disabled
[2024-08-25 19:36:28] Map data sent
Updating game state for new turn
map_update_received
input enabled
input disabled
[2024-08-25 19:36:38] Map data sent
Updating game state for new turn
map_update_received
input enabled
input disabled
[2024-08-25 19:36:48] Map data sent
Updating game state for new turn
map_update_received
input enabled
input disabled
[2024-08-25 19:36:58] Map data sent
Updating game state for new turn
map_update_received
input enabled
input disabled
[2024-08-25 19:37:08] Map data sent
Updating game state for new turn
map_update_received
input enabled
input disabled
[2024-08-25 19:37:18] Map data sent
Updating game state for new turn
map_update_received
input enabled
input disabled
[2024-08-25 19:37:28] Map data sent
Updating game state for new turn
map_update_received
input enabled
input disabled
[2024-08-25 19:37:38] Map data sent
Updating game state for new turn
map_update_received
input enabled
input disabled
[2024-08-25 19:37:48] Map data sent
Updating game state for new turn
map_update_received
input enabled
input disabled
[2024-08-25 19:37:58] Map data sent
Updating game state for new turn
map_update_received
input enabled
input disabled
[2024-08-25 19:38:08] Map data sent
Updating game state for new turn
map_update_received
input enabled
input disabled
[2024-08-25 19:38:18] Map data sent
Updating game state for new turn
map_update_received
input enabled
input disabled
[2024-08-25 19:38:28] Map data sent
Updating game state for new turn
map_update_received
input enabled
input disabled
[2024-08-25 19:38:38] Map data sent
Updating game state for new turn
map_update_received
input enabled
input disabled
[2024-08-25 19:38:48] Map data sent
Updating game state for new turn
map_update_received
input enabled
input disabled
[2024-08-25 19:38:58] Map data sent
Updating game state for new turn
map_update_received
input enabled
input disabled
[2024-08-25 19:39:08] Map data sent
Updating game state for new turn
map_update_received
input enabled
input disabled
[2024-08-25 19:39:18] Map data sent
Updating game state for new turn
map_update_received
input enabled
input disabled
[2024-08-25 19:39:28] Map data sent
Updating game state for new turn
map_update_received
input enabled
input disabled
[2024-08-25 19:39:38] Map data sent
Updating game state for new turn
map_update_received
input enabled
input disabled
[2024-08-25 19:39:48] Map data sent
Updating game state for new turn
map_update_received
input enabled
No actions available!
No actions available!
No actions available!
No actions available!
No actions available!
No actions available!
No actions available!
No actions available!
No actions available!
input disabled
[2024-08-25 19:39:58] Map data sent
Updating game state for new turn
map_update_received
input enabled
input disabled
[2024-08-25 19:40:08] Map data sent
Updating game state for new turn
map_update_received
input enabled
input disabled
[2024-08-25 19:40:18] Map data sent
Updating game state for new turn
map_update_received
input enabled
input disabled
[2024-08-25 19:40:28] Map data sent
Updating game state for new turn
map_update_received
input enabled
input disabled
[2024-08-25 19:40:38] Map data sent
Updating game state for new turn
map_update_received
input enabled
input disabled
[2024-08-25 19:40:48] Map data sent
Updating game state for new turn
map_update_received
input enabled
input disabled
[2024-08-25 19:40:58] Map data sent
Updating game state for new turn
map_update_received
input enabled
input disabled
[2024-08-25 19:41:08] Map data sent
Updating game state for new turn
map_update_received
input enabled
input disabled
[2024-08-25 19:41:18] Map data sent
Updating game state for new turn
map_update_received
input enabled
input disabled
[2024-08-25 19:41:28] Map data sent
Updating game state for new turn
map_update_received
input enabled
input disabled
[2024-08-25 19:41:38] Map data sent
Updating game state for new turn
map_update_received
input enabled
input disabled
[2024-08-25 19:41:48] Map data sent
Updating game state for new turn
map_update_received
input enabled
input disabled
[2024-08-25 19:41:58] Map data sent
Updating game state for new turn
map_update_received
input enabled
input disabled
[2024-08-25 19:42:08] Map data sent
Updating game state for new turn
map_update_received
input enabled
input disabled
[2024-08-25 19:42:18] Map data sent
Updating game state for new turn
map_update_received
input enabled
input disabled
[2024-08-25 19:42:28] Map data sent
Updating game state for new turn
map_update_received
input enabled
input disabled
[2024-08-25 19:42:38] Map data sent
Updating game state for new turn
map_update_received
input enabled
input disabled
[2024-08-25 19:42:48] Map data sent
Updating game state for new turn
map_update_received
input enabled
input disabled
[2024-08-25 19:42:58] Map data sent
Updating game state for new turn
map_update_received
input enabled
input disabled
[2024-08-25 19:43:08] Map data sent
Updating game state for new turn
map_update_received
input enabled
input disabled
[2024-08-25 19:43:18] Map data sent
Updating game state for new turn
map_update_received
input enabled
input disabled
[2024-08-25 19:43:28] Map data sent
Updating game state for new turn
map_update_received
input enabled
input disabled
[2024-08-25 19:43:38] Map data sent
Updating game state for new turn
map_update_received
input enabled
input disabled
[2024-08-25 19:43:48] Map data sent
Updating game state for new turn
map_update_received
input enabled
input disabled
[2024-08-25 19:43:58] Map data sent
Updating game state for new turn
map_update_received
input enabled
input disabled
[2024-08-25 19:44:08] Map data sent
Updating game state for new turn
map_update_received
input enabled
input disabled
[2024-08-25 19:44:18] Map data sent
Updating game state for new turn
map_update_received
input enabled
input disabled
[2024-08-25 19:44:28] Map data sent
Updating game state for new turn
map_update_received
input enabled
input disabled
[2024-08-25 19:44:38] Map data sent
Updating game state for new turn
map_update_received
input enabled
input disabled
[2024-08-25 19:44:48] Map data sent
Updating game state for new turn
map_update_received
input enabled
input disabled
[2024-08-25 19:44:58] Map data sent
Updating game state for new turn
map_update_received
input enabled
input disabled
[2024-08-25 19:45:08] Map data sent
Updating game state for new turn
map_update_received
input enabled
input disabled
[2024-08-25 19:45:18] Map data sent
Updating game state for new turn
map_update_received
input enabled
input disabled
[2024-08-25 19:45:28] Map data sent
Updating game state for new turn
map_update_received
input enabled
input disabled
[2024-08-25 19:45:38] Map data sent
Updating game state for new turn
map_update_received
input enabled
input disabled
[2024-08-25 19:45:48] Map data sent
Updating game state for new turn
map_update_received
input enabled
input disabled
[2024-08-25 19:45:58] Map data sent
Updating game state for new turn
map_update_received
input enabled
input disabled
[2024-08-25 19:46:08] Map data sent
Updating game state for new turn
map_update_received
input enabled
input disabled
[2024-08-25 19:46:18] Map data sent
Updating game state for new turn
map_update_received
input enabled
input disabled
[2024-08-25 19:46:28] Map data sent
Updating game state for new turn
map_update_received
input enabled
input disabled
[2024-08-25 19:46:38] Map data sent
Updating game state for new turn
map_update_received
input enabled
input disabled
[2024-08-25 19:46:48] Map data sent
Updating game state for new turn
map_update_received
input enabled
input disabled
[2024-08-25 19:46:58] Map data sent
Updating game state for new turn
map_update_received
input enabled
input disabled
[2024-08-25 19:47:08] Map data sent
Updating game state for new turn
map_update_received
input enabled
input disabled
[2024-08-25 19:47:18] Map data sent
Updating game state for new turn
map_update_received
input enabled
input disabled
[2024-08-25 19:47:28] Map data sent
Updating game state for new turn
map_update_received
input enabled
input disabled
[2024-08-25 19:47:38] Map data sent
Updating game state for new turn
map_update_received
input enabled
input disabled
[2024-08-25 19:47:48] Map data sent
Updating game state for new turn
map_update_received
input enabled
input disabled
[2024-08-25 19:47:58] Map data sent
Updating game state for new turn
map_update_received
input enabled
input disabled
[2024-08-25 19:48:08] Map data sent
Updating game state for new turn
map_update_received
input enabled
input disabled
[2024-08-25 19:48:18] Map data sent
Updating game state for new turn
map_update_received
input enabled
input disabled
[2024-08-25 19:48:28] Map data sent
Updating game state for new turn
map_update_received
input enabled
input disabled
[2024-08-25 19:48:38] Map data sent
Updating game state for new turn
map_update_received
input enabled
input disabled
[2024-08-25 19:48:48] Map data sent
Updating game state for new turn
map_update_received
input enabled
input disabled
[2024-08-25 19:48:58] Map data sent
Updating game state for new turn
map_update_received
input enabled
input disabled
[2024-08-25 19:49:08] Map data sent
Updating game state for new turn
map_update_received
input enabled
input disabled
[2024-08-25 19:49:18] Map data sent
Updating game state for new turn
map_update_received
input enabled
input disabled
[2024-08-25 19:49:28] Map data sent
Updating game state for new turn
map_update_received
input enabled
input disabled
[2024-08-25 19:49:38] Map data sent
Updating game state for new turn
map_update_received
input enabled
input disabled
[2024-08-25 19:49:48] Map data sent
Updating game state for new turn
map_update_received
input enabled
input disabled
[2024-08-25 19:49:58] Map data sent
Updating game state for new turn
map_update_received
input enabled
input disabled
[2024-08-25 19:50:08] Map data sent
Updating game state for new turn
map_update_received
input enabled
input disabled
[2024-08-25 19:50:18] Map data sent
Updating game state for new turn
map_update_received
input enabled
input disabled
[2024-08-25 19:50:28] Map data sent
Updating game state for new turn
map_update_received
input enabled
input disabled
[2024-08-25 19:50:38] Map data sent
Updating game state for new turn
map_update_received
input enabled
input disabled
[2024-08-25 19:50:48] Map data sent
Updating game state for new turn
map_update_received
input enabled
input disabled
[2024-08-25 19:50:58] Map data sent
Updating game state for new turn
map_update_received
input enabled
input disabled
[2024-08-25 19:51:08] Map data sent
Updating game state for new turn
map_update_received
input enabled
input disabled
[2024-08-25 19:51:18] Map data sent
Updating game state for new turn
map_update_received
input enabled
input disabled
[2024-08-25 19:51:28] Map data sent
Updating game state for new turn
map_update_received
input enabled
input disabled
[2024-08-25 19:51:38] Map data sent
Updating game state for new turn
map_update_received
input enabled
input disabled
[2024-08-25 19:51:49] Map data sent
Updating game state for new turn
map_update_received
input enabled
input disabled
[2024-08-25 19:51:59] Map data sent
Updating game state for new turn
map_update_received
input enabled
input disabled
[2024-08-25 19:52:09] Map data sent
Updating game state for new turn
map_update_received
input enabled
input disabled
[2024-08-25 19:52:19] Map data sent
Updating game state for new turn
map_update_received
input enabled
input disabled
[2024-08-25 19:52:29] Map data sent
Updating game state for new turn
map_update_received
input enabled
input disabled
[2024-08-25 19:52:39] Map data sent
Updating game state for new turn
map_update_received
input enabled
input disabled
[2024-08-25 19:52:49] Map data sent
Updating game state for new turn
map_update_received
input enabled
input disabled
[2024-08-25 19:52:59] Map data sent
Updating game state for new turn
map_update_received
input enabled
input disabled
[2024-08-25 19:53:09] Map data sent
Updating game state for new turn
map_update_received
input enabled
input disabled
[2024-08-25 19:53:19] Map data sent
Updating game state for new turn
map_update_received
input enabled
input disabled
[2024-08-25 19:53:29] Map data sent
Updating game state for new turn
map_update_received
input enabled
input disabled
[2024-08-25 19:53:39] Map data sent
Updating game state for new turn
map_update_received
input enabled
input disabled
[2024-08-25 19:53:49] Map data sent
Updating game state for new turn
map_update_received
input enabled
input disabled
[2024-08-25 19:53:59] Map data sent
Updating game state for new turn
map_update_received
input enabled
input disabled
[2024-08-25 19:54:09] Map data sent
Updating game state for new turn
map_update_received
input enabled
input disabled
[2024-08-25 19:54:19] Map data sent
Updating game state for new turn
map_update_received
input enabled
input disabled
[2024-08-25 19:54:29] Map data sent
Updating game state for new turn
map_update_received
input enabled
input disabled
[2024-08-25 19:54:39] Map data sent
Updating game state for new turn
map_update_received
input enabled
input disabled
[2024-08-25 19:54:49] Map data sent
Updating game state for new turn
map_update_received
input enabled
input disabled
[2024-08-25 19:54:59] Map data sent
Updating game state for new turn
map_update_received
input enabled
input disabled
[2024-08-25 19:55:09] Map data sent
Updating game state for new turn
map_update_received
input enabled
input disabled
[2024-08-25 19:55:19] Map data sent
Updating game state for new turn
map_update_received
input enabled
input disabled
[2024-08-25 19:55:29] Map data sent
Updating game state for new turn
map_update_received
input enabled
input disabled
[2024-08-25 19:55:39] Map data sent
Updating game state for new turn
map_update_received
input enabled
input disabled
[2024-08-25 19:55:49] Map data sent
Updating game state for new turn
map_update_received
input enabled
input disabled
[2024-08-25 19:55:59] Map data sent
Updating game state for new turn
map_update_received
input enabled
input disabled
[2024-08-25 19:56:09] Map data sent
Updating game state for new turn
map_update_received
input enabled
input disabled
[2024-08-25 19:56:19] Map data sent
Updating game state for new turn
map_update_received
input enabled
input disabled
[2024-08-25 19:56:29] Map data sent
Updating game state for new turn
map_update_received
input enabled
input disabled
[2024-08-25 19:56:39] Map data sent
Updating game state for new turn
map_update_received
input enabled
input disabled
[2024-08-25 19:56:49] Map data sent
Updating game state for new turn
map_update_received
input enabled
input disabled
[2024-08-25 19:56:59] Map data sent
Updating game state for new turn
map_update_received
input enabled
input disabled
[2024-08-25 19:57:09] Map data sent
Updating game state for new turn
map_update_received
input enabled
input disabled
[2024-08-25 19:57:19] Map data sent
Updating game state for new turn
map_update_received
input enabled
input disabled
[2024-08-25 19:57:29] Map data sent
Updating game state for new turn
map_update_received
input enabled
input disabled
[2024-08-25 19:57:39] Map data sent
Updating game state for new turn
map_update_received
input enabled
input disabled
[2024-08-25 19:57:49] Map data sent
Updating game state for new turn
map_update_received
input enabled
input disabled
[2024-08-25 19:57:59] Map data sent
Updating game state for new turn
map_update_received
input enabled
input disabled
[2024-08-25 19:58:09] Map data sent
Updating game state for new turn
map_update_received
input enabled
input disabled
[2024-08-25 19:58:19] Map data sent
Updating game state for new turn
map_update_received
input enabled
input disabled
[2024-08-25 19:58:29] Map data sent
Updating game state for new turn
map_update_received
input enabled
input disabled
[2024-08-25 19:58:39] Map data sent
Updating game state for new turn
map_update_received
input enabled
input disabled
[2024-08-25 19:58:49] Map data sent
Updating game state for new turn
map_update_received
input enabled
input disabled
[2024-08-25 19:58:59] Map data sent
Updating game state for new turn
map_update_received
input enabled
input disabled
[2024-08-25 19:59:09] Map data sent
Updating game state for new turn
map_update_received
input enabled
input disabled
[2024-08-25 19:59:19] Map data sent
Updating game state for new turn
map_update_received
input enabled
input disabled
[2024-08-25 19:59:29] Map data sent
Updating game state for new turn
map_update_received
input enabled
input disabled
[2024-08-25 19:59:39] Map data sent
Updating game state for new turn
map_update_received
input enabled
input disabled
[2024-08-25 19:59:49] Map data sent
Updating game state for new turn
map_update_received
input enabled
input disabled
[2024-08-25 19:59:59] Map data sent
Updating game state for new turn
map_update_received
input enabled
input disabled
[2024-08-25 20:00:09] Map data sent
Updating game state for new turn
map_update_received
input enabled
input disabled
[2024-08-25 20:00:19] Map data sent
Updating game state for new turn
map_update_received
input enabled
input disabled
[2024-08-25 20:00:29] Map data sent
Updating game state for new turn
map_update_received
input enabled
input disabled
[2024-08-25 20:00:39] Map data sent
Updating game state for new turn
map_update_received
input enabled
input disabled
[2024-08-25 20:00:49] Map data sent
Updating game state for new turn
map_update_received
input enabled
input disabled
[2024-08-25 20:00:59] Map data sent
Updating game state for new turn
map_update_received
input enabled
input disabled
[2024-08-25 20:01:09] Map data sent
Updating game state for new turn
map_update_received
input enabled
input disabled
[2024-08-25 20:01:19] Map data sent
Updating game state for new turn
map_update_received
input enabled
input disabled
[2024-08-25 20:01:29] Map data sent
Updating game state for new turn
map_update_received
input enabled
input disabled
[2024-08-25 20:01:39] Map data sent
Updating game state for new turn
map_update_received
input enabled
input disabled
[2024-08-25 20:01:49] Map data sent
Updating game state for new turn
map_update_received
input enabled
input disabled
[2024-08-25 20:01:59] Map data sent
Updating game state for new turn
map_update_received
input enabled
input disabled
[2024-08-25 20:02:09] Map data sent
Updating game state for new turn
map_update_received
input enabled
input disabled
[2024-08-25 20:02:19] Map data sent
Updating game state for new turn
map_update_received
input enabled
input disabled
[2024-08-25 20:02:29] Map data sent
Updating game state for new turn
map_update_received
input enabled
input disabled
[2024-08-25 20:02:39] Map data sent
Updating game state for new turn
map_update_received
input enabled
input disabled
[2024-08-25 20:02:49] Map data sent
Updating game state for new turn
map_update_received
input enabled
input disabled
[2024-08-25 20:02:59] Map data sent
Updating game state for new turn
map_update_received
input enabled
input disabled
[2024-08-25 20:03:09] Map data sent
Updating game state for new turn
map_update_received
input enabled
input disabled
[2024-08-25 20:03:19] Map data sent
Updating game state for new turn
map_update_received
input enabled
input disabled
[2024-08-25 20:03:29] Map data sent
Updating game state for new turn
map_update_received
input enabled
input disabled
[2024-08-25 20:03:39] Map data sent
Updating game state for new turn
map_update_received
input enabled
input disabled
[2024-08-25 20:03:49] Map data sent
Updating game state for new turn
map_update_received
input enabled
input disabled
[2024-08-25 20:03:59] Map data sent
Updating game state for new turn
map_update_received
input enabled
input disabled
[2024-08-25 20:04:09] Map data sent
Updating game state for new turn
map_update_received
input enabled
input disabled
[2024-08-25 20:04:19] Map data sent
Updating game state for new turn
map_update_received
input enabled
input disabled
[2024-08-25 20:04:29] Map data sent
Updating game state for new turn
map_update_received
input enabled
input disabled
[2024-08-25 20:04:39] Map data sent
Updating game state for new turn
map_update_received
input enabled
input disabled
[2024-08-25 20:04:49] Map data sent
Updating game state for new turn
map_update_received
input enabled
input disabled
[2024-08-25 20:04:59] Map data sent
Updating game state for new turn
map_update_received
input enabled
input disabled
[2024-08-25 20:05:09] Map data sent
Updating game state for new turn
map_update_received
input enabled
input disabled
[2024-08-25 20:05:19] Map data sent
Updating game state for new turn
map_update_received
input enabled
input disabled
[2024-08-25 20:05:29] Map data sent
Updating game state for new turn
map_update_received
input enabled
input disabled
[2024-08-25 20:05:39] Map data sent
Updating game state for new turn
map_update_received
input enabled
input disabled
[2024-08-25 20:05:49] Map data sent
Updating game state for new turn
map_update_received
input enabled
input disabled
[2024-08-25 20:05:59] Map data sent
Updating game state for new turn
map_update_received
input enabled
input disabled
[2024-08-25 20:06:09] Map data sent
Updating game state for new turn
map_update_received
input enabled
input disabled
[2024-08-25 20:06:19] Map data sent
Updating game state for new turn
map_update_received
input enabled
input disabled
[2024-08-25 20:06:29] Map data sent
Updating game state for new turn
map_update_received
input enabled
input disabled
[2024-08-25 20:06:39] Map data sent
Updating game state for new turn
map_update_received
input enabled
input disabled
[2024-08-25 20:06:49] Map data sent
Updating game state for new turn
map_update_received
input enabled
input disabled
[2024-08-25 20:06:59] Map data sent
Updating game state for new turn
map_update_received
input enabled
input disabled
[2024-08-25 20:07:09] Map data sent
Updating game state for new turn
map_update_received
input enabled
input disabled
[2024-08-25 20:07:19] Map data sent
Updating game state for new turn
map_update_received
input enabled
input disabled
[2024-08-25 20:07:29] Map data sent
Updating game state for new turn
map_update_received
input enabled
input disabled
[2024-08-25 20:07:39] Map data sent
Updating game state for new turn
map_update_received
input enabled
input disabled
[2024-08-25 20:07:49] Map data sent
Updating game state for new turn
map_update_received
input enabled
input disabled
[2024-08-25 20:07:59] Map data sent
Updating game state for new turn
map_update_received
input enabled
input disabled
[2024-08-25 20:08:09] Map data sent
Updating game state for new turn
map_update_received
input enabled
input disabled
[2024-08-25 20:08:19] Map data sent
Updating game state for new turn
map_update_received
input enabled
input disabled
[2024-08-25 20:08:29] Map data sent
Updating game state for new turn
map_update_received
input enabled
input disabled
[2024-08-25 20:08:39] Map data sent
Updating game state for new turn
map_update_received
input enabled
input disabled
[2024-08-25 20:08:49] Map data sent
Updating game state for new turn
map_update_received
input enabled
input disabled
[2024-08-25 20:08:59] Map data sent
Updating game state for new turn
map_update_received
input enabled
input disabled
[2024-08-25 20:09:09] Map data sent
Updating game state for new turn
map_update_received
input enabled
input disabled
[2024-08-25 20:09:19] Map data sent
Updating game state for new turn
map_update_received
input enabled
input disabled
[2024-08-25 20:09:29] Map data sent
Updating game state for new turn
map_update_received
input enabled
input disabled
[2024-08-25 20:09:39] Map data sent
Updating game state for new turn
map_update_received
input enabled
input disabled
[2024-08-25 20:09:49] Map data sent
Updating game state for new turn
map_update_received
input enabled
input disabled
[2024-08-25 20:09:59] Map data sent
Updating game state for new turn
map_update_received
input enabled
input disabled
[2024-08-25 20:10:09] Map data sent
Updating game state for new turn
map_update_received
input enabled
input disabled
[2024-08-25 20:10:19] Map data sent
Updating game state for new turn
map_update_received
input enabled
input disabled
[2024-08-25 20:10:29] Map data sent
Updating game state for new turn
map_update_received
input enabled
input disabled
[2024-08-25 20:10:39] Map data sent
Updating game state for new turn
map_update_received
input enabled
input disabled
[2024-08-25 20:10:49] Map data sent
Updating game state for new turn
map_update_received
input enabled
input disabled
[2024-08-25 20:10:59] Map data sent
Updating game state for new turn
map_update_received
input enabled
input disabled
[2024-08-25 20:11:09] Map data sent
Updating game state for new turn
map_update_received
input enabled
input disabled
[2024-08-25 20:11:19] Map data sent
Updating game state for new turn
map_update_received
input enabled
input disabled
[2024-08-25 20:11:29] Map data sent
Updating game state for new turn
map_update_received
input enabled
input disabled
[2024-08-25 20:11:39] Map data sent
Updating game state for new turn
map_update_received
input enabled
input disabled
[2024-08-25 20:11:49] Map data sent
Updating game state for new turn
map_update_received
input enabled
input disabled
[2024-08-25 20:11:59] Map data sent
Updating game state for new turn
map_update_received
input enabled
input disabled
[2024-08-25 20:12:09] Map data sent
Updating game state for new turn
map_update_received
input enabled
input disabled
[2024-08-25 20:12:19] Map data sent
Updating game state for new turn
map_update_received
input enabled
input disabled
[2024-08-25 20:12:29] Map data sent
Updating game state for new turn
map_update_received
input enabled
input disabled
[2024-08-25 20:12:39] Map data sent
Updating game state for new turn
map_update_received
input enabled
input disabled
[2024-08-25 20:12:49] Map data sent
Updating game state for new turn
map_update_received
input enabled
input disabled
[2024-08-25 20:12:59] Map data sent
Updating game state for new turn
map_update_received
input enabled
input disabled
[2024-08-25 20:13:09] Map data sent
Updating game state for new turn
map_update_received
input enabled
input disabled
[2024-08-25 20:13:19] Map data sent
Updating game state for new turn
map_update_received
input enabled
input disabled
[2024-08-25 20:13:29] Map data sent
Updating game state for new turn
map_update_received
input enabled
input disabled
[2024-08-25 20:13:39] Map data sent
Updating game state for new turn
map_update_received
input enabled
input disabled
[2024-08-25 20:13:49] Map data sent
Updating game state for new turn
map_update_received
input enabled
input disabled
[2024-08-25 20:13:59] Map data sent
Updating game state for new turn
map_update_received
input enabled
input disabled
[2024-08-25 20:14:09] Map data sent
Updating game state for new turn
map_update_received
input enabled
input disabled
[2024-08-25 20:14:19] Map data sent
Updating game state for new turn
map_update_received
input enabled
input disabled
[2024-08-25 20:14:29] Map data sent
Updating game state for new turn
map_update_received
input enabled
input disabled
[2024-08-25 20:14:39] Map data sent
Updating game state for new turn
map_update_received
input enabled
input disabled
[2024-08-25 20:14:49] Map data sent
Updating game state for new turn
map_update_received
input enabled
input disabled
[2024-08-25 20:14:59] Map data sent
Updating game state for new turn
map_update_received
input enabled
input disabled
[2024-08-25 20:15:09] Map data sent
Updating game state for new turn
map_update_received
input enabled
input disabled
[2024-08-25 20:15:19] Map data sent
Updating game state for new turn
map_update_received
input enabled
input disabled
[2024-08-25 20:15:29] Map data sent
Updating game state for new turn
map_update_received
input enabled
input disabled
[2024-08-25 20:15:39] Map data sent
Updating game state for new turn
map_update_received
input enabled
input disabled
[2024-08-25 20:15:49] Map data sent
Updating game state for new turn
map_update_received
input enabled
input disabled
[2024-08-25 20:15:59] Map data sent
Updating game state for new turn
map_update_received
input enabled
input disabled
[2024-08-25 20:16:09] Map data sent
Updating game state for new turn
map_update_received
input enabled
input disabled
[2024-08-25 20:16:19] Map data sent
Updating game state for new turn
map_update_received
input enabled
input disabled
[2024-08-25 20:16:29] Map data sent
Updating game state for new turn
map_update_received
input enabled
input disabled
[2024-08-25 20:16:39] Map data sent
Updating game state for new turn
map_update_received
input enabled
input disabled
[2024-08-25 20:16:49] Map data sent
Updating game state for new turn
map_update_received
input enabled
input disabled
[2024-08-25 20:16:59] Map data sent
Updating game state for new turn
map_update_received
input enabled
input disabled
[2024-08-25 20:17:09] Map data sent
Updating game state for new turn
map_update_received
input enabled
input disabled
[2024-08-25 20:17:19] Map data sent
Updating game state for new turn
map_update_received
input enabled
input disabled
[2024-08-25 20:17:29] Map data sent
Updating game state for new turn
map_update_received
input enabled
input disabled
[2024-08-25 20:17:39] Map data sent
Updating game state for new turn
map_update_received
input enabled
input disabled
[2024-08-25 20:17:49] Map data sent
Updating game state for new turn
map_update_received
input enabled
input disabled
[2024-08-25 20:17:59] Map data sent
Updating game state for new turn
map_update_received
input enabled
input disabled
[2024-08-25 20:18:09] Map data sent
Updating game state for new turn
map_update_received
input enabled
input disabled
[2024-08-25 20:18:19] Map data sent
Updating game state for new turn
map_update_received
input enabled
input disabled
[2024-08-25 20:18:29] Map data sent
Updating game state for new turn
map_update_received
input enabled
input disabled
[2024-08-25 20:18:39] Map data sent
Updating game state for new turn
map_update_received
input enabled
input disabled
[2024-08-25 20:18:49] Map data sent
Updating game state for new turn
map_update_received
input enabled
input disabled
[2024-08-25 20:18:59] Map data sent
Updating game state for new turn
map_update_received
input enabled
input disabled
[2024-08-25 20:19:09] Map data sent
Updating game state for new turn
map_update_received
input enabled
input disabled
[2024-08-25 20:19:19] Map data sent
Updating game state for new turn
map_update_received
input enabled
input disabled
[2024-08-25 20:19:29] Map data sent
Updating game state for new turn
map_update_received
input enabled
input disabled
[2024-08-25 20:19:39] Map data sent
Updating game state for new turn
map_update_received
input enabled
input disabled
[2024-08-25 20:19:49] Map data sent
Updating game state for new turn
map_update_received
input enabled
input disabled
[2024-08-25 20:19:59] Map data sent
Updating game state for new turn
map_update_received
input enabled
input disabled
[2024-08-25 20:20:09] Map data sent
Updating game state for new turn
map_update_received
input enabled
input disabled
[2024-08-25 20:20:19] Map data sent
Updating game state for new turn
map_update_received
input enabled
input disabled
[2024-08-25 20:20:29] Map data sent
Updating game state for new turn
map_update_received
input enabled
input disabled
[2024-08-25 20:20:39] Map data sent
Updating game state for new turn
map_update_received
input enabled
input disabled
[2024-08-25 20:20:49] Map data sent
Updating game state for new turn
map_update_received
input enabled
input disabled
[2024-08-25 20:20:59] Map data sent
Updating game state for new turn
map_update_received
input enabled
input disabled
[2024-08-25 20:21:09] Map data sent
Updating game state for new turn
map_update_received
input enabled
input disabled
[2024-08-25 20:21:19] Map data sent
Updating game state for new turn
map_update_received
input enabled
input disabled
[2024-08-25 20:21:29] Map data sent
Updating game state for new turn
map_update_received
input enabled
input disabled
[2024-08-25 20:21:39] Map data sent
Updating game state for new turn
map_update_received
input enabled
input disabled
[2024-08-25 20:21:49] Map data sent
Updating game state for new turn
map_update_received
input enabled
input disabled
[2024-08-25 20:21:59] Map data sent
Updating game state for new turn
map_update_received
input enabled
input disabled
[2024-08-25 20:22:09] Map data sent
Updating game state for new turn
map_update_received
input enabled
input disabled
[2024-08-25 20:22:19] Map data sent
Updating game state for new turn
map_update_received
input enabled
input disabled
[2024-08-25 20:22:29] Map data sent
Updating game state for new turn
map_update_received
input enabled
input disabled
[2024-08-25 20:22:39] Map data sent
Updating game state for new turn
map_update_received
input enabled
input disabled
[2024-08-25 20:22:49] Map data sent
Updating game state for new turn
map_update_received
input enabled
input disabled
[2024-08-25 20:22:59] Map data sent
Updating game state for new turn
map_update_received
input enabled
input disabled
[2024-08-25 20:23:09] Map data sent
Updating game state for new turn
map_update_received
input enabled
input disabled
[2024-08-25 20:23:19] Map data sent
Updating game state for new turn
map_update_received
input enabled
input disabled
[2024-08-25 20:23:29] Map data sent
Updating game state for new turn
map_update_received
input enabled
input disabled
[2024-08-25 20:23:39] Map data sent
Updating game state for new turn
map_update_received
input enabled
input disabled
[2024-08-25 20:23:49] Map data sent
Updating game state for new turn
map_update_received
input enabled
input disabled
[2024-08-25 20:23:59] Map data sent
Updating game state for new turn
map_update_received
input enabled
input disabled
[2024-08-25 20:24:09] Map data sent
Updating game state for new turn
map_update_received
input enabled
input disabled
[2024-08-25 20:24:19] Map data sent
Updating game state for new turn
map_update_received
input enabled
input disabled
[2024-08-25 20:24:29] Map data sent
Updating game state for new turn
map_update_received
input enabled
input disabled
[2024-08-25 20:24:39] Map data sent
Updating game state for new turn
map_update_received
input enabled
input disabled
[2024-08-25 20:24:49] Map data sent
Updating game state for new turn
map_update_received
input enabled
input disabled
[2024-08-25 20:24:59] Map data sent
Updating game state for new turn
map_update_received
input enabled
input disabled
[2024-08-25 20:25:09] Map data sent
Updating game state for new turn
map_update_received
input enabled
input disabled
[2024-08-25 20:25:19] Map data sent
Updating game state for new turn
map_update_received
input enabled
input disabled
[2024-08-25 20:25:29] Map data sent
Updating game state for new turn
map_update_received
input enabled
input disabled
[2024-08-25 20:25:39] Map data sent
Updating game state for new turn
map_update_received
input enabled
input disabled
[2024-08-25 20:25:49] Map data sent
Updating game state for new turn
map_update_received
input enabled
input disabled
[2024-08-25 20:25:59] Map data sent
Updating game state for new turn
map_update_received
input enabled
input disabled
[2024-08-25 20:26:09] Map data sent
Updating game state for new turn
map_update_received
input enabled
input disabled
[2024-08-25 20:26:19] Map data sent
Updating game state for new turn
map_update_received
input enabled
input disabled
[2024-08-25 20:26:29] Map data sent
Updating game state for new turn
map_update_received
input enabled
input disabled
[2024-08-25 20:26:39] Map data sent
Updating game state for new turn
map_update_received
input enabled
input disabled
[2024-08-25 20:26:50] Map data sent
Updating game state for new turn
map_update_received
input enabled
input disabled
[2024-08-25 20:27:00] Map data sent
Updating game state for new turn
map_update_received
input enabled
input disabled
[2024-08-25 20:27:10] Map data sent
Updating game state for new turn
map_update_received
input enabled
input disabled
[2024-08-25 20:27:20] Map data sent
Updating game state for new turn
map_update_received
input enabled
input disabled
[2024-08-25 20:27:30] Map data sent
Updating game state for new turn
map_update_received
input enabled
input disabled
[2024-08-25 20:27:40] Map data sent
Updating game state for new turn
map_update_received
input enabled
input disabled
[2024-08-25 20:27:50] Map data sent
Updating game state for new turn
map_update_received
input enabled
input disabled
[2024-08-25 20:28:00] Map data sent
Updating game state for new turn
map_update_received
input enabled
input disabled
[2024-08-25 20:28:10] Map data sent
Updating game state for new turn
map_update_received
input enabled
input disabled
[2024-08-25 20:28:20] Map data sent
Updating game state for new turn
map_update_received
input enabled
input disabled
[2024-08-25 20:28:30] Map data sent
Updating game state for new turn
map_update_received
input enabled
input disabled
[2024-08-25 20:28:40] Map data sent
Updating game state for new turn
map_update_received
input enabled
input disabled
[2024-08-25 20:28:50] Map data sent
Updating game state for new turn
map_update_received
input enabled
input disabled
[2024-08-25 20:29:00] Map data sent
Updating game state for new turn
map_update_received
input enabled
input disabled
[2024-08-25 20:29:10] Map data sent
Updating game state for new turn
map_update_received
input enabled
input disabled
[2024-08-25 20:29:20] Map data sent
Updating game state for new turn
map_update_received
input enabled
input disabled
[2024-08-25 20:29:30] Map data sent
Updating game state for new turn
map_update_received
input enabled
input disabled
[2024-08-25 20:29:40] Map data sent
Updating game state for new turn
map_update_received
input enabled
input disabled
[2024-08-25 20:29:50] Map data sent
Updating game state for new turn
map_update_received
input enabled
input disabled
[2024-08-25 20:30:00] Map data sent
Updating game state for new turn
map_update_received
input enabled
input disabled
[2024-08-25 20:30:10] Map data sent
Updating game state for new turn
map_update_received
input enabled
input disabled
[2024-08-25 20:30:20] Map data sent
Updating game state for new turn
map_update_received
input enabled
input disabled
[2024-08-25 20:30:30] Map data sent
Updating game state for new turn
map_update_received
input enabled
input disabled
[2024-08-25 20:30:40] Map data sent
Updating game state for new turn
map_update_received
input enabled
input disabled
[2024-08-25 20:30:50] Map data sent
Updating game state for new turn
map_update_received
input enabled
input disabled
[2024-08-25 20:31:00] Map data sent
Updating game state for new turn
map_update_received
input enabled
input disabled
[2024-08-25 20:31:10] Map data sent
Updating game state for new turn
map_update_received
input enabled
input disabled
[2024-08-25 20:31:20] Map data sent
Updating game state for new turn
map_update_received
input enabled
input disabled
[2024-08-25 20:31:30] Map data sent
Updating game state for new turn
map_update_received
input enabled
input disabled
[2024-08-25 20:31:40] Map data sent
Updating game state for new turn
map_update_received
input enabled
input disabled
[2024-08-25 20:31:50] Map data sent
Updating game state for new turn
map_update_received
input enabled
input disabled
[2024-08-25 20:32:00] Map data sent
Updating game state for new turn
map_update_received
input enabled
input disabled
[2024-08-25 20:32:10] Map data sent
Updating game state for new turn
map_update_received
input enabled
input disabled
[2024-08-25 20:32:20] Map data sent
Updating game state for new turn
map_update_received
input enabled
input disabled
[2024-08-25 20:32:30] Map data sent
Updating game state for new turn
map_update_received
input enabled
input disabled
[2024-08-25 20:32:40] Map data sent
Updating game state for new turn
map_update_received
input enabled
input disabled
[2024-08-25 20:32:50] Map data sent
Updating game state for new turn
map_update_received
input enabled
input disabled
[2024-08-25 20:33:00] Map data sent
Updating game state for new turn
map_update_received
input enabled
input disabled
[2024-08-25 20:33:10] Map data sent
Updating game state for new turn
map_update_received
input enabled
input disabled
[2024-08-25 20:33:20] Map data sent
Updating game state for new turn
map_update_received
input enabled
input disabled
[2024-08-25 20:33:30] Map data sent
Updating game state for new turn
map_update_received
input enabled
input disabled
[2024-08-25 20:33:40] Map data sent
Updating game state for new turn
map_update_received
input enabled
input disabled
[2024-08-25 20:33:50] Map data sent
Updating game state for new turn
map_update_received
input enabled
input disabled
[2024-08-25 20:34:00] Map data sent
Updating game state for new turn
map_update_received
input enabled
input disabled
[2024-08-25 20:34:10] Map data sent
Updating game state for new turn
map_update_received
input enabled
input disabled
[2024-08-25 20:34:20] Map data sent
Updating game state for new turn
map_update_received
input enabled
input disabled
[2024-08-25 20:34:30] Map data sent
Updating game state for new turn
map_update_received
input enabled
input disabled
[2024-08-25 20:34:40] Map data sent
Updating game state for new turn
map_update_received
input enabled
input disabled
[2024-08-25 20:34:50] Map data sent
Updating game state for new turn
map_update_received
input enabled
input disabled
[2024-08-25 20:35:00] Map data sent
Updating game state for new turn
map_update_received
input enabled
input disabled
[2024-08-25 20:35:11] Map data sent
Updating game state for new turn
map_update_received
input enabled
input disabled
[2024-08-25 20:35:21] Map data sent
Updating game state for new turn
map_update_received
input enabled
input disabled
[2024-08-25 20:35:31] Map data sent
Updating game state for new turn
map_update_received
input enabled
input disabled
[2024-08-25 20:35:41] Map data sent
Updating game state for new turn
map_update_received
input enabled
input disabled
[2024-08-25 20:35:51] Map data sent
Updating game state for new turn
map_update_received
input enabled
input disabled
[2024-08-25 20:36:01] Map data sent
Updating game state for new turn
map_update_received
input enabled
input disabled
[2024-08-25 20:36:11] Map data sent
Updating game state for new turn
map_update_received
input enabled
input disabled
[2024-08-25 20:36:21] Map data sent
Updating game state for new turn
map_update_received
input enabled
input disabled
[2024-08-25 20:36:31] Map data sent
Updating game state for new turn
map_update_received
input enabled
input disabled
[2024-08-25 20:36:41] Map data sent
Updating game state for new turn
map_update_received
input enabled
input disabled
[2024-08-25 20:36:51] Map data sent
Updating game state for new turn
map_update_received
input enabled
input disabled
[2024-08-25 20:37:01] Map data sent
Updating game state for new turn
map_update_received
input enabled
input disabled
[2024-08-25 20:37:11] Map data sent
Updating game state for new turn
map_update_received
input enabled
input disabled
[2024-08-25 20:37:21] Map data sent
Updating game state for new turn
map_update_received
input enabled
input disabled
[2024-08-25 20:37:31] Map data sent
Updating game state for new turn
map_update_received
input enabled
input disabled
[2024-08-25 20:37:41] Map data sent
Updating game state for new turn
map_update_received
input enabled
input disabled
[2024-08-25 20:37:51] Map data sent
Updating game state for new turn
map_update_received
input enabled
input disabled
[2024-08-25 20:38:01] Map data sent
Updating game state for new turn
map_update_received
input enabled
input disabled
[2024-08-25 20:38:11] Map data sent
Updating game state for new turn
map_update_received
input enabled
input disabled
[2024-08-25 20:38:21] Map data sent
Updating game state for new turn
map_update_received
input enabled
input disabled
[2024-08-25 20:38:47] Map data sent
Updating game state for new turn
map_update_received
input enabled
input disabled
[2024-08-25 20:38:57] Map data sent
Updating game state for new turn
map_update_received
input enabled
input disabled
[2024-08-25 20:39:07] Map data sent
Updating game state for new turn
map_update_received
input enabled
input disabled
[2024-08-25 20:39:17] Map data sent
Updating game state for new turn
map_update_received
input enabled
input disabled
[2024-08-25 20:39:27] Map data sent
Updating game state for new turn
map_update_received
input enabled
input disabled
[2024-08-25 20:39:37] Map data sent
Updating game state for new turn
map_update_received
input enabled
input disabled
[2024-08-25 20:39:47] Map data sent
Updating game state for new turn
map_update_received
input enabled
input disabled
[2024-08-25 20:39:57] Map data sent
Updating game state for new turn
map_update_received
input enabled
input disabled
[2024-08-25 20:40:07] Map data sent
Updating game state for new turn
map_update_received
input enabled
input disabled
[2024-08-25 20:40:17] Map data sent
Updating game state for new turn
map_update_received
input enabled
input disabled
[2024-08-25 20:40:27] Map data sent
Updating game state for new turn
map_update_received
input enabled
input disabled
[2024-08-25 20:40:37] Map data sent
Updating game state for new turn
map_update_received
input enabled
input disabled
[2024-08-25 20:40:47] Map data sent
Updating game state for new turn
map_update_received
input enabled
input disabled
[2024-08-25 20:40:57] Map data sent
Updating game state for new turn
map_update_received
input enabled
input disabled
[2024-08-25 20:41:07] Map data sent
Updating game state for new turn
map_update_received
input enabled
input disabled
[2024-08-25 20:41:17] Map data sent
Updating game state for new turn
map_update_received
input enabled
input disabled
[2024-08-25 20:41:27] Map data sent
Updating game state for new turn
map_update_received
input enabled
input disabled
[2024-08-25 20:41:37] Map data sent
Updating game state for new turn
map_update_received
input enabled
input disabled
[2024-08-25 20:41:47] Map data sent
Updating game state for new turn
map_update_received
input enabled
input disabled
[2024-08-25 20:41:57] Map data sent
Updating game state for new turn
map_update_received
input enabled
input disabled
[2024-08-25 20:42:07] Map data sent
Updating game state for new turn
map_update_received
input enabled
input disabled
[2024-08-25 20:42:17] Map data sent
Updating game state for new turn
map_update_received
input enabled
input disabled
[2024-08-25 20:42:27] Map data sent
Updating game state for new turn
map_update_received
input enabled
input disabled
[2024-08-25 20:42:37] Map data sent
Updating game state for new turn
map_update_received
input enabled
input disabled
[2024-08-25 20:42:47] Map data sent
Updating game state for new turn
map_update_received
input enabled
input disabled
[2024-08-25 20:42:57] Map data sent
Updating game state for new turn
map_update_received
input enabled
input disabled
[2024-08-25 20:43:07] Map data sent
Updating game state for new turn
map_update_received
input enabled
input disabled
[2024-08-25 20:43:17] Map data sent
Updating game state for new turn
map_update_received
input enabled
input disabled
[2024-08-25 20:43:27] Map data sent
Updating game state for new turn
map_update_received
input enabled
input disabled
[2024-08-25 20:43:37] Map data sent
Updating game state for new turn
map_update_received
input enabled
input disabled
[2024-08-25 20:43:47] Map data sent
Updating game state for new turn
map_update_received
input enabled
input disabled
[2024-08-25 20:43:57] Map data sent
Updating game state for new turn
map_update_received
input enabled
input disabled
[2024-08-25 20:44:07] Map data sent
Updating game state for new turn
map_update_received
input enabled
input disabled
[2024-08-25 20:44:17] Map data sent
Updating game state for new turn
map_update_received
input enabled

Game interrupted. Terminal reset.
input disabled
[2024-08-25 20:44:27] Map data sent
